E:\GITHUB\MY_PROGRAMS\DATASTRUCT\LINEARMATRIX\LINEARMATRIX\DEBUG\MAIN.OBJ
E:\GITHUB\MY_PROGRAMS\DATASTRUCT\LINEARMATRIX\LINEARMATRIX\DEBUG\SPARSEMATRIX.OBJ
E:\GITHUB\MY_PROGRAMS\DATASTRUCT\LINEARMATRIX\LINEARMATRIX\DEBUG\VC110.PDB
E:\GITHUB\MY_PROGRAMS\DATASTRUCT\LINEARMATRIX\LINEARMATRIX\DEBUG\暴力解法.OBJ
E:\GITHUB\MY_PROGRAMS\DATASTRUCT\LINEARMATRIX\LINEARMATRIX\DEBUG\暴力求解CPP.OBJ
E:\github\My_Programs\DataStruct\LinearMatrix\LinearMatrix\Debug\main.obj
E:\github\My_Programs\DataStruct\LinearMatrix\LinearMatrix\Debug\SparseMatrix.obj
E:\github\My_Programs\DataStruct\LinearMatrix\LinearMatrix\Debug\暴力求解cpp.obj
E:\github\My_Programs\DataStruct\LinearMatrix\LinearMatrix\Debug\暴力解法.obj
E:\github\My_Programs\DataStruct\LinearMatrix\LinearMatrix\Debug\cl.command.1.tlog
E:\github\My_Programs\DataStruct\LinearMatrix\LinearMatrix\Debug\CL.read.1.tlog
E:\github\My_Programs\DataStruct\LinearMatrix\LinearMatrix\Debug\CL.write.1.tlog
E:\github\My_Programs\DataStruct\LinearMatrix\LinearMatrix\Debug\link-cvtres.read.1.tlog
E:\github\My_Programs\DataStruct\LinearMatrix\LinearMatrix\Debug\link-cvtres.write.1.tlog
E:\github\My_Programs\DataStruct\LinearMatrix\LinearMatrix\Debug\link-rc.read.1.tlog
E:\github\My_Programs\DataStruct\LinearMatrix\LinearMatrix\Debug\link-rc.write.1.tlog
E:\github\My_Programs\DataStruct\LinearMatrix\LinearMatrix\Debug\link.10264-cvtres.read.1.tlog
E:\github\My_Programs\DataStruct\LinearMatrix\LinearMatrix\Debug\link.10264-cvtres.write.1.tlog
E:\github\My_Programs\DataStruct\LinearMatrix\LinearMatrix\Debug\link.10264-rc.read.1.tlog
E:\github\My_Programs\DataStruct\LinearMatrix\LinearMatrix\Debug\link.10264-rc.write.1.tlog
E:\github\My_Programs\DataStruct\LinearMatrix\LinearMatrix\Debug\link.10264.read.1.tlog
E:\github\My_Programs\DataStruct\LinearMatrix\LinearMatrix\Debug\link.10264.write.1.tlog
E:\github\My_Programs\DataStruct\LinearMatrix\LinearMatrix\Debug\link.12692-cvtres.read.1.tlog
E:\github\My_Programs\DataStruct\LinearMatrix\LinearMatrix\Debug\link.12692-cvtres.write.1.tlog
E:\github\My_Programs\DataStruct\LinearMatrix\LinearMatrix\Debug\link.12692-rc.read.1.tlog
E:\github\My_Programs\DataStruct\LinearMatrix\LinearMatrix\Debug\link.12692-rc.write.1.tlog
E:\github\My_Programs\DataStruct\LinearMatrix\LinearMatrix\Debug\link.12692.read.1.tlog
E:\github\My_Programs\DataStruct\LinearMatrix\LinearMatrix\Debug\link.12692.write.1.tlog
E:\github\My_Programs\DataStruct\LinearMatrix\LinearMatrix\Debug\link.16924-cvtres.read.1.tlog
E:\github\My_Programs\DataStruct\LinearMatrix\LinearMatrix\Debug\link.16924-cvtres.write.1.tlog
E:\github\My_Programs\DataStruct\LinearMatrix\LinearMatrix\Debug\link.16924-rc.read.1.tlog
E:\github\My_Programs\DataStruct\LinearMatrix\LinearMatrix\Debug\link.16924-rc.write.1.tlog
E:\github\My_Programs\DataStruct\LinearMatrix\LinearMatrix\Debug\link.16924.read.1.tlog
E:\github\My_Programs\DataStruct\LinearMatrix\LinearMatrix\Debug\link.16924.write.1.tlog
E:\github\My_Programs\DataStruct\LinearMatrix\LinearMatrix\Debug\link.6996-cvtres.read.1.tlog
E:\github\My_Programs\DataStruct\LinearMatrix\LinearMatrix\Debug\link.6996-cvtres.write.1.tlog
E:\github\My_Programs\DataStruct\LinearMatrix\LinearMatrix\Debug\link.6996-rc.read.1.tlog
E:\github\My_Programs\DataStruct\LinearMatrix\LinearMatrix\Debug\link.6996-rc.write.1.tlog
E:\github\My_Programs\DataStruct\LinearMatrix\LinearMatrix\Debug\link.6996.read.1.tlog
E:\github\My_Programs\DataStruct\LinearMatrix\LinearMatrix\Debug\link.6996.write.1.tlog
E:\github\My_Programs\DataStruct\LinearMatrix\LinearMatrix\Debug\link.8836-cvtres.read.1.tlog
E:\github\My_Programs\DataStruct\LinearMatrix\LinearMatrix\Debug\link.8836-cvtres.write.1.tlog
E:\github\My_Programs\DataStruct\LinearMatrix\LinearMatrix\Debug\link.8836-rc.read.1.tlog
E:\github\My_Programs\DataStruct\LinearMatrix\LinearMatrix\Debug\link.8836-rc.write.1.tlog
E:\github\My_Programs\DataStruct\LinearMatrix\LinearMatrix\Debug\link.8836.read.1.tlog
E:\github\My_Programs\DataStruct\LinearMatrix\LinearMatrix\Debug\link.8836.write.1.tlog
E:\github\My_Programs\DataStruct\LinearMatrix\LinearMatrix\Debug\link.command.1.tlog
E:\github\My_Programs\DataStruct\LinearMatrix\LinearMatrix\Debug\link.read.1.tlog
E:\github\My_Programs\DataStruct\LinearMatrix\LinearMatrix\Debug\link.write.1.tlog
E:\github\My_Programs\DataStruct\LinearMatrix\LinearMatrix\Debug\vc110.idb
E:\github\My_Programs\DataStruct\LinearMatrix\LinearMatrix\Debug\vc110.pdb
E:\github\My_Programs\DataStruct\LinearMatrix\Debug\LinearMatrix.pdb
